<?xml version="1.0" encoding="UTF-8"?>
<!-- Generated by org.testng.reporters.JUnitXMLReporter -->
<testsuite ignored="0" hostname="DESKTOP-4DTFU8L" failures="6" tests="9" name="Room Service API Tests" time="3.859" errors="0" timestamp="2025-08-12T16:45:09 IST">
  <testcase classname="tests.AddRoomTest" name="testAddRoomWithAuthentication" time="2.139">
    <failure type="java.lang.AssertionError" message="Expected success message not found in response expected [true] but found [false]">
      <![CDATA[java.lang.AssertionError: Expected success message not found in response expected [true] but found [false]
at tests.AddRoomTest.testAddRoomWithAuthentication(AddRoomTest.java:48)
at java.base/java.util.ArrayList.forEach(ArrayList.java:1596)
... Removed 28 stack frames]]>
    </failure>
  </testcase> <!-- testAddRoomWithAuthentication -->
  <testcase classname="tests.AddRoomTest" name="testAddRoomWithoutAuthentication" time="0.168">
    <failure type="java.lang.AssertionError" message="1 expectation failed.
Expected status code (is &amp;lt;401&amp;gt; or is &amp;lt;403&amp;gt;) but was &amp;lt;200&amp;gt;.
">
      <![CDATA[java.lang.AssertionError: 1 expectation failed.
Expected status code (is <401> or is <403>) but was <200>.

at org.codehaus.groovy.runtime.callsite.ConstructorSite$ConstructorSiteNoUnwrapNoCoerce.callConstructor(ConstructorSite.java:108)
at org.codehaus.groovy.runtime.callsite.CallSiteArray.defaultCallConstructor(CallSiteArray.java:57)
at org.codehaus.groovy.runtime.callsite.AbstractCallSite.callConstructor(AbstractCallSite.java:263)
at org.codehaus.groovy.runtime.callsite.AbstractCallSite.callConstructor(AbstractCallSite.java:277)
at io.restassured.internal.ResponseSpecificationImpl$HamcrestAssertionClosure.validate(ResponseSpecificationImpl.groovy:512)
at io.restassured.internal.ResponseSpecificationImpl$HamcrestAssertionClosure$validate$1.call(Unknown Source)
at io.restassured.internal.ResponseSpecificationImpl.validateResponseIfRequired(ResponseSpecificationImpl.groovy:696)
at io.restassured.internal.ResponseSpecificationImpl.this$2$validateResponseIfRequired(ResponseSpecificationImpl.groovy)
at org.codehaus.groovy.runtime.callsite.PlainObjectMetaMethodSite.doInvoke(PlainObjectMetaMethodSite.java:43)
at org.codehaus.groovy.runtime.callsite.PogoMetaMethodSite$PogoCachedMethodSiteNoUnwrapNoCoerce.invoke(PogoMetaMethodSite.java:198)
at org.codehaus.groovy.runtime.callsite.PogoMetaMethodSite.callCurrent(PogoMetaMethodSite.java:62)
at org.codehaus.groovy.runtime.callsite.AbstractCallSite.callCurrent(AbstractCallSite.java:185)
at io.restassured.internal.ResponseSpecificationImpl.statusCode(ResponseSpecificationImpl.groovy:135)
at io.restassured.internal.ValidatableResponseOptionsImpl.statusCode(ValidatableResponseOptionsImpl.java:84)
at tests.AddRoomTest.testAddRoomWithoutAuthentication(AddRoomTest.java:70)
at java.base/java.util.ArrayList.forEach(ArrayList.java:1596)
... Removed 31 stack frames]]>
    </failure>
  </testcase> <!-- testAddRoomWithoutAuthentication -->
  <testcase classname="tests.DeleteRoomTest" name="testDeleteRoomWithAuthentication" time="0.179">
    <failure type="java.lang.AssertionError" message="Expected success message not found expected [true] but found [false]">
      <![CDATA[java.lang.AssertionError: Expected success message not found expected [true] but found [false]
at tests.DeleteRoomTest.testDeleteRoomWithAuthentication(DeleteRoomTest.java:39)
at java.base/java.util.ArrayList.forEach(ArrayList.java:1596)
... Removed 28 stack frames]]>
    </failure>
  </testcase> <!-- testDeleteRoomWithAuthentication -->
  <testcase classname="tests.DeleteRoomTest" name="testDeleteRoomWithoutAuthentication" time="0.148">
    <failure type="java.lang.AssertionError" message="1 expectation failed.
Expected status code (is &amp;lt;401&amp;gt; or is &amp;lt;403&amp;gt;) but was &amp;lt;200&amp;gt;.
">
      <![CDATA[java.lang.AssertionError: 1 expectation failed.
Expected status code (is <401> or is <403>) but was <200>.

at org.codehaus.groovy.runtime.callsite.ConstructorSite$ConstructorSiteNoUnwrapNoCoerce.callConstructor(ConstructorSite.java:108)
at org.codehaus.groovy.runtime.callsite.AbstractCallSite.callConstructor(AbstractCallSite.java:277)
at io.restassured.internal.ResponseSpecificationImpl$HamcrestAssertionClosure.validate(ResponseSpecificationImpl.groovy:512)
at io.restassured.internal.ResponseSpecificationImpl$HamcrestAssertionClosure$validate$1.call(Unknown Source)
at io.restassured.internal.ResponseSpecificationImpl.validateResponseIfRequired(ResponseSpecificationImpl.groovy:696)
at io.restassured.internal.ResponseSpecificationImpl.this$2$validateResponseIfRequired(ResponseSpecificationImpl.groovy)
at org.codehaus.groovy.runtime.callsite.PlainObjectMetaMethodSite.doInvoke(PlainObjectMetaMethodSite.java:43)
at org.codehaus.groovy.runtime.callsite.PogoMetaMethodSite$PogoCachedMethodSiteNoUnwrapNoCoerce.invoke(PogoMetaMethodSite.java:198)
at org.codehaus.groovy.runtime.callsite.PogoMetaMethodSite.callCurrent(PogoMetaMethodSite.java:62)
at org.codehaus.groovy.runtime.callsite.AbstractCallSite.callCurrent(AbstractCallSite.java:185)
at io.restassured.internal.ResponseSpecificationImpl.statusCode(ResponseSpecificationImpl.groovy:135)
at io.restassured.internal.ValidatableResponseOptionsImpl.statusCode(ValidatableResponseOptionsImpl.java:84)
at tests.DeleteRoomTest.testDeleteRoomWithoutAuthentication(DeleteRoomTest.java:53)
at java.base/java.util.ArrayList.forEach(ArrayList.java:1596)
... Removed 31 stack frames]]>
    </failure>
  </testcase> <!-- testDeleteRoomWithoutAuthentication -->
  <testcase classname="tests.UpdateRoomTest" name="testUpdateRoomPriceWithAuthentication" time="0.18">
    <failure type="java.lang.AssertionError" message="Expected success message not found expected [true] but found [false]">
      <![CDATA[java.lang.AssertionError: Expected success message not found expected [true] but found [false]
at tests.UpdateRoomTest.testUpdateRoomPriceWithAuthentication(UpdateRoomTest.java:43)
at java.base/java.util.ArrayList.forEach(ArrayList.java:1596)
... Removed 28 stack frames]]>
    </failure>
  </testcase> <!-- testUpdateRoomPriceWithAuthentication -->
  <testcase classname="tests.UpdateRoomTest" name="testUpdateRoomPriceWithoutAuthentication" time="0.18">
    <failure type="java.lang.AssertionError" message="1 expectation failed.
Expected status code (is &amp;lt;401&amp;gt; or is &amp;lt;403&amp;gt;) but was &amp;lt;200&amp;gt;.
">
      <![CDATA[java.lang.AssertionError: 1 expectation failed.
Expected status code (is <401> or is <403>) but was <200>.

at org.codehaus.groovy.runtime.callsite.ConstructorSite$ConstructorSiteNoUnwrapNoCoerce.callConstructor(ConstructorSite.java:108)
at org.codehaus.groovy.runtime.callsite.AbstractCallSite.callConstructor(AbstractCallSite.java:277)
at io.restassured.internal.ResponseSpecificationImpl$HamcrestAssertionClosure.validate(ResponseSpecificationImpl.groovy:512)
at io.restassured.internal.ResponseSpecificationImpl$HamcrestAssertionClosure$validate$1.call(Unknown Source)
at io.restassured.internal.ResponseSpecificationImpl.validateResponseIfRequired(ResponseSpecificationImpl.groovy:696)
at io.restassured.internal.ResponseSpecificationImpl.this$2$validateResponseIfRequired(ResponseSpecificationImpl.groovy)
at org.codehaus.groovy.runtime.callsite.PlainObjectMetaMethodSite.doInvoke(PlainObjectMetaMethodSite.java:43)
at org.codehaus.groovy.runtime.callsite.PogoMetaMethodSite$PogoCachedMethodSiteNoUnwrapNoCoerce.invoke(PogoMetaMethodSite.java:198)
at org.codehaus.groovy.runtime.callsite.PogoMetaMethodSite.callCurrent(PogoMetaMethodSite.java:62)
at org.codehaus.groovy.runtime.callsite.AbstractCallSite.callCurrent(AbstractCallSite.java:185)
at io.restassured.internal.ResponseSpecificationImpl.statusCode(ResponseSpecificationImpl.groovy:135)
at io.restassured.internal.ValidatableResponseOptionsImpl.statusCode(ValidatableResponseOptionsImpl.java:84)
at tests.UpdateRoomTest.testUpdateRoomPriceWithoutAuthentication(UpdateRoomTest.java:61)
at java.base/java.util.ArrayList.forEach(ArrayList.java:1596)
... Removed 31 stack frames]]>
    </failure>
  </testcase> <!-- testUpdateRoomPriceWithoutAuthentication -->
  <testcase classname="tests.ViewRoomById" name="testViewRoomById" time="0.181"/>
  <testcase classname="tests.ViewRoomByType" name="testRoomByType" time="0.175"/>
  <testcase classname="tests.ViewRoomsTest" name="testViewRoomList" time="0.143"/>
</testsuite> <!-- Room Service API Tests -->
