<!DOCTYPE html>

<html>
  <head>
  <meta charset='utf-8'>
  <title>TestNG reports</title>

    <link type="text/css" href="testng-reports1.css" rel="stylesheet" id="ultra" />
    <link type="text/css" href="testng-reports.css" rel="stylesheet" id="retro" disabled="false"/>
    <script type="text/javascript" src="jquery-3.6.0.min.js"></script>
    <script type="text/javascript" src="testng-reports.js"></script>
    <script type="text/javascript" src="https://www.google.com/jsapi"></script>
    <script type='text/javascript'>
      google.load('visualization', '1', {packages:['table']});
      google.setOnLoadCallback(drawTable);
      var suiteTableInitFunctions = new Array();
      var suiteTableData = new Array();
    </script>
    <!--
      <script type="text/javascript" src="jquery-ui/js/jquery-ui-1.8.16.custom.min.js"></script>
     -->
  </head>

  <body>    <div class="top-banner-root">
      <span class="top-banner-title-font">Test results</span>
      <button id="button" class="button">Switch Retro Theme</button> <!-- button -->
      <br/>
      <span class="top-banner-font-1">1 suite, 6 failed tests</span>
    </div> <!-- top-banner-root -->
    <div class="navigator-root">
      <div class="navigator-suite-header">
        <span>All suites</span>
        <a href="#" title="Collapse/expand all the suites" class="collapse-all-link">
          <img src="collapseall.gif" class="collapse-all-icon">
          </img> <!-- collapse-all-icon -->
        </a> <!-- collapse-all-link -->
      </div> <!-- navigator-suite-header -->
      <div class="suite">
        <div class="rounded-window">
          <div class="suite-header light-rounded-window-top">
            <a href="#" panel-name="suite-API_Test_Suite" class="navigator-link">
              <span class="suite-name border-failed">API Test Suite</span>
            </a> <!-- navigator-link -->
          </div> <!-- suite-header light-rounded-window-top -->
          <div class="navigator-suite-content">
            <div class="suite-section-title">
              <span>Info</span>
            </div> <!-- suite-section-title -->
            <div class="suite-section-content">
              <ul>
                <li>
                  <a href="#" panel-name="test-xml-API_Test_Suite" class="navigator-link ">
                    <span>E:\My workspace\ApiAutoMationTesting\testng.xml</span>
                  </a> <!-- navigator-link  -->
                </li>
                <li>
                  <a href="#" panel-name="testlist-API_Test_Suite" class="navigator-link ">
                    <span class="test-stats">1 test</span>
                  </a> <!-- navigator-link  -->
                </li>
                <li>
                  <a href="#" panel-name="group-API_Test_Suite" class="navigator-link ">
                    <span>0 groups</span>
                  </a> <!-- navigator-link  -->
                </li>
                <li>
                  <a href="#" panel-name="times-API_Test_Suite" class="navigator-link ">
                    <span>Times</span>
                  </a> <!-- navigator-link  -->
                </li>
                <li>
                  <a href="#" panel-name="reporter-API_Test_Suite" class="navigator-link ">
                    <span>Reporter output</span>
                  </a> <!-- navigator-link  -->
                </li>
                <li>
                  <a href="#" panel-name="ignored-methods-API_Test_Suite" class="navigator-link ">
                    <span>Ignored methods</span>
                  </a> <!-- navigator-link  -->
                </li>
                <li>
                  <a href="#" panel-name="chronological-API_Test_Suite" class="navigator-link ">
                    <span>Chronological view</span>
                  </a> <!-- navigator-link  -->
                </li>
              </ul>
            </div> <!-- suite-section-content -->
            <div class="result-section">
              <div class="suite-section-title">
                <span>Results</span>
              </div> <!-- suite-section-title -->
              <div class="suite-section-content">
                <ul>
                  <li>
                    <span class="method-stats">9 methods, 6 failed,   3 passed</span>
                  </li>
                  <li>
                    <span class="method-list-title failed">Failed methods</span>
                    <span class="show-or-hide-methods failed">
                      <a href="#" panel-name="suite-API_Test_Suite" class="hide-methods failed suite-API_Test_Suite"> (hide)</a> <!-- hide-methods failed suite-API_Test_Suite -->
                      <a href="#" panel-name="suite-API_Test_Suite" class="show-methods failed suite-API_Test_Suite"> (show)</a> <!-- show-methods failed suite-API_Test_Suite -->
                    </span>
                    <div class="method-list-content failed suite-API_Test_Suite">
                      <span>
                        <img src="failed.png" width="3%"/>
                        <a href="#" panel-name="suite-API_Test_Suite" title="tests.AddRoomTest" class="method navigator-link" hash-for-method="testAddRoomWithAuthentication(150, H2005, DELUXE, AVAILABLE, 2500.0)">testAddRoomWithAuthentication(150, H2005, DELUXE, AVAILABLE, 2500.0)</a> <!-- method navigator-link -->
                      </span>
                      <br/>
                      <span>
                        <img src="failed.png" width="3%"/>
                        <a href="#" panel-name="suite-API_Test_Suite" title="tests.AddRoomTest" class="method navigator-link" hash-for-method="testAddRoomWithoutAuthentication(150, H2005, DELUXE, AVAILABLE, 2500.0)">testAddRoomWithoutAuthentication(150, H2005, DELUXE, AVAILABLE, 2500.0)</a> <!-- method navigator-link -->
                      </span>
                      <br/>
                      <span>
                        <img src="failed.png" width="3%"/>
                        <a href="#" panel-name="suite-API_Test_Suite" title="tests.DeleteRoomTest" class="method navigator-link" hash-for-method="testDeleteRoomWithAuthentication(101)">testDeleteRoomWithAuthentication(101)</a> <!-- method navigator-link -->
                      </span>
                      <br/>
                      <span>
                        <img src="failed.png" width="3%"/>
                        <a href="#" panel-name="suite-API_Test_Suite" title="tests.DeleteRoomTest" class="method navigator-link" hash-for-method="testDeleteRoomWithoutAuthentication(101)">testDeleteRoomWithoutAuthentication(101)</a> <!-- method navigator-link -->
                      </span>
                      <br/>
                      <span>
                        <img src="failed.png" width="3%"/>
                        <a href="#" panel-name="suite-API_Test_Suite" title="tests.UpdateRoomTest" class="method navigator-link" hash-for-method="testUpdateRoomPriceWithAuthentication(301, 1500)">testUpdateRoomPriceWithAuthentication(301, 1500)</a> <!-- method navigator-link -->
                      </span>
                      <br/>
                      <span>
                        <img src="failed.png" width="3%"/>
                        <a href="#" panel-name="suite-API_Test_Suite" title="tests.UpdateRoomTest" class="method navigator-link" hash-for-method="testUpdateRoomPriceWithoutAuthentication(301, 1500)">testUpdateRoomPriceWithoutAuthentication(301, 1500)</a> <!-- method navigator-link -->
                      </span>
                      <br/>
                    </div> <!-- method-list-content failed suite-API_Test_Suite -->
                  </li>
                  <li>
                    <span class="method-list-title passed">Passed methods</span>
                    <span class="show-or-hide-methods passed">
                      <a href="#" panel-name="suite-API_Test_Suite" class="hide-methods passed suite-API_Test_Suite"> (hide)</a> <!-- hide-methods passed suite-API_Test_Suite -->
                      <a href="#" panel-name="suite-API_Test_Suite" class="show-methods passed suite-API_Test_Suite"> (show)</a> <!-- show-methods passed suite-API_Test_Suite -->
                    </span>
                    <div class="method-list-content passed suite-API_Test_Suite">
                      <span>
                        <img src="passed.png" width="3%"/>
                        <a href="#" panel-name="suite-API_Test_Suite" title="tests.ViewRoomByType" class="method navigator-link" hash-for-method="testRoomByType">testRoomByType</a> <!-- method navigator-link -->
                      </span>
                      <br/>
                      <span>
                        <img src="passed.png" width="3%"/>
                        <a href="#" panel-name="suite-API_Test_Suite" title="tests.ViewRoomById" class="method navigator-link" hash-for-method="testViewRoomById">testViewRoomById</a> <!-- method navigator-link -->
                      </span>
                      <br/>
                      <span>
                        <img src="passed.png" width="3%"/>
                        <a href="#" panel-name="suite-API_Test_Suite" title="tests.ViewRoomsTest" class="method navigator-link" hash-for-method="testViewRoomList">testViewRoomList</a> <!-- method navigator-link -->
                      </span>
                      <br/>
                    </div> <!-- method-list-content passed suite-API_Test_Suite -->
                  </li>
                </ul>
              </div> <!-- suite-section-content -->
            </div> <!-- result-section -->
          </div> <!-- navigator-suite-content -->
        </div> <!-- rounded-window -->
      </div> <!-- suite -->
    </div> <!-- navigator-root -->
    <div class="wrapper">
      <div class="main-panel-root">
        <div panel-name="suite-API_Test_Suite" class="panel API_Test_Suite">
          <div class="suite-API_Test_Suite-class-failed">
            <div class="main-panel-header rounded-window-top">
              <img src="failed.png"/>
              <span class="class-name">tests.AddRoomTest</span>
            </div> <!-- main-panel-header rounded-window-top -->
            <div class="main-panel-content rounded-window-bottom">
              <div class="method">
                <div class="method-content">
                  <a name="testAddRoomWithAuthentication(150, H2005, DELUXE, AVAILABLE, 2500.0)">
                  </a> <!-- testAddRoomWithAuthentication(150, H2005, DELUXE, AVAILABLE, 2500.0) -->
                  <span class="method-name">testAddRoomWithAuthentication</span>
                  <span class="parameters">(150,H2005,DELUXE,AVAILABLE,2500.0)</span>
                  <div class="stack-trace">java.lang.AssertionError: Expected success message not found in response expected [true] but found [false]
	at tests.AddRoomTest.testAddRoomWithAuthentication(AddRoomTest.java:48)
	at java.base/java.util.ArrayList.forEach(ArrayList.java:1596)
... Removed 28 stack frames
</div> <!-- stack-trace -->
                </div> <!-- method-content -->
              </div> <!-- method -->
              <div class="method">
                <div class="method-content">
                  <a name="testAddRoomWithoutAuthentication(150, H2005, DELUXE, AVAILABLE, 2500.0)">
                  </a> <!-- testAddRoomWithoutAuthentication(150, H2005, DELUXE, AVAILABLE, 2500.0) -->
                  <span class="method-name">testAddRoomWithoutAuthentication</span>
                  <span class="parameters">(150,H2005,DELUXE,AVAILABLE,2500.0)</span>
                  <div class="stack-trace">java.lang.AssertionError: 1 expectation failed.
Expected status code (is &lt;401&gt; or is &lt;403&gt;) but was &lt;200&gt;.

	at org.codehaus.groovy.runtime.callsite.ConstructorSite$ConstructorSiteNoUnwrapNoCoerce.callConstructor(ConstructorSite.java:108)
	at org.codehaus.groovy.runtime.callsite.CallSiteArray.defaultCallConstructor(CallSiteArray.java:57)
	at org.codehaus.groovy.runtime.callsite.AbstractCallSite.callConstructor(AbstractCallSite.java:263)
	at org.codehaus.groovy.runtime.callsite.AbstractCallSite.callConstructor(AbstractCallSite.java:277)
	at io.restassured.internal.ResponseSpecificationImpl$HamcrestAssertionClosure.validate(ResponseSpecificationImpl.groovy:512)
	at io.restassured.internal.ResponseSpecificationImpl$HamcrestAssertionClosure$validate$1.call(Unknown Source)
	at io.restassured.internal.ResponseSpecificationImpl.validateResponseIfRequired(ResponseSpecificationImpl.groovy:696)
	at io.restassured.internal.ResponseSpecificationImpl.this$2$validateResponseIfRequired(ResponseSpecificationImpl.groovy)
	at org.codehaus.groovy.runtime.callsite.PlainObjectMetaMethodSite.doInvoke(PlainObjectMetaMethodSite.java:43)
	at org.codehaus.groovy.runtime.callsite.PogoMetaMethodSite$PogoCachedMethodSiteNoUnwrapNoCoerce.invoke(PogoMetaMethodSite.java:198)
	at org.codehaus.groovy.runtime.callsite.PogoMetaMethodSite.callCurrent(PogoMetaMethodSite.java:62)
	at org.codehaus.groovy.runtime.callsite.AbstractCallSite.callCurrent(AbstractCallSite.java:185)
	at io.restassured.internal.ResponseSpecificationImpl.statusCode(ResponseSpecificationImpl.groovy:135)
	at io.restassured.internal.ValidatableResponseOptionsImpl.statusCode(ValidatableResponseOptionsImpl.java:84)
	at tests.AddRoomTest.testAddRoomWithoutAuthentication(AddRoomTest.java:70)
	at java.base/java.util.ArrayList.forEach(ArrayList.java:1596)
... Removed 31 stack frames
</div> <!-- stack-trace -->
                </div> <!-- method-content -->
              </div> <!-- method -->
            </div> <!-- main-panel-content rounded-window-bottom -->
          </div> <!-- suite-API_Test_Suite-class-failed -->
          <div class="suite-API_Test_Suite-class-failed">
            <div class="main-panel-header rounded-window-top">
              <img src="failed.png"/>
              <span class="class-name">tests.DeleteRoomTest</span>
            </div> <!-- main-panel-header rounded-window-top -->
            <div class="main-panel-content rounded-window-bottom">
              <div class="method">
                <div class="method-content">
                  <a name="testDeleteRoomWithAuthentication(101)">
                  </a> <!-- testDeleteRoomWithAuthentication(101) -->
                  <span class="method-name">testDeleteRoomWithAuthentication</span>
                  <span class="parameters">(101)</span>
                  <div class="stack-trace">java.lang.AssertionError: Expected success message not found expected [true] but found [false]
	at tests.DeleteRoomTest.testDeleteRoomWithAuthentication(DeleteRoomTest.java:39)
	at java.base/java.util.ArrayList.forEach(ArrayList.java:1596)
... Removed 28 stack frames
</div> <!-- stack-trace -->
                </div> <!-- method-content -->
              </div> <!-- method -->
              <div class="method">
                <div class="method-content">
                  <a name="testDeleteRoomWithoutAuthentication(101)">
                  </a> <!-- testDeleteRoomWithoutAuthentication(101) -->
                  <span class="method-name">testDeleteRoomWithoutAuthentication</span>
                  <span class="parameters">(101)</span>
                  <div class="stack-trace">java.lang.AssertionError: 1 expectation failed.
Expected status code (is &lt;401&gt; or is &lt;403&gt;) but was &lt;200&gt;.

	at org.codehaus.groovy.runtime.callsite.ConstructorSite$ConstructorSiteNoUnwrapNoCoerce.callConstructor(ConstructorSite.java:108)
	at org.codehaus.groovy.runtime.callsite.AbstractCallSite.callConstructor(AbstractCallSite.java:277)
	at io.restassured.internal.ResponseSpecificationImpl$HamcrestAssertionClosure.validate(ResponseSpecificationImpl.groovy:512)
	at io.restassured.internal.ResponseSpecificationImpl$HamcrestAssertionClosure$validate$1.call(Unknown Source)
	at io.restassured.internal.ResponseSpecificationImpl.validateResponseIfRequired(ResponseSpecificationImpl.groovy:696)
	at io.restassured.internal.ResponseSpecificationImpl.this$2$validateResponseIfRequired(ResponseSpecificationImpl.groovy)
	at org.codehaus.groovy.runtime.callsite.PlainObjectMetaMethodSite.doInvoke(PlainObjectMetaMethodSite.java:43)
	at org.codehaus.groovy.runtime.callsite.PogoMetaMethodSite$PogoCachedMethodSiteNoUnwrapNoCoerce.invoke(PogoMetaMethodSite.java:198)
	at org.codehaus.groovy.runtime.callsite.PogoMetaMethodSite.callCurrent(PogoMetaMethodSite.java:62)
	at org.codehaus.groovy.runtime.callsite.AbstractCallSite.callCurrent(AbstractCallSite.java:185)
	at io.restassured.internal.ResponseSpecificationImpl.statusCode(ResponseSpecificationImpl.groovy:135)
	at io.restassured.internal.ValidatableResponseOptionsImpl.statusCode(ValidatableResponseOptionsImpl.java:84)
	at tests.DeleteRoomTest.testDeleteRoomWithoutAuthentication(DeleteRoomTest.java:53)
	at java.base/java.util.ArrayList.forEach(ArrayList.java:1596)
... Removed 31 stack frames
</div> <!-- stack-trace -->
                </div> <!-- method-content -->
              </div> <!-- method -->
            </div> <!-- main-panel-content rounded-window-bottom -->
          </div> <!-- suite-API_Test_Suite-class-failed -->
          <div class="suite-API_Test_Suite-class-failed">
            <div class="main-panel-header rounded-window-top">
              <img src="failed.png"/>
              <span class="class-name">tests.UpdateRoomTest</span>
            </div> <!-- main-panel-header rounded-window-top -->
            <div class="main-panel-content rounded-window-bottom">
              <div class="method">
                <div class="method-content">
                  <a name="testUpdateRoomPriceWithAuthentication(301, 1500)">
                  </a> <!-- testUpdateRoomPriceWithAuthentication(301, 1500) -->
                  <span class="method-name">testUpdateRoomPriceWithAuthentication</span>
                  <span class="parameters">(301,1500)</span>
                  <div class="stack-trace">java.lang.AssertionError: Expected success message not found expected [true] but found [false]
	at tests.UpdateRoomTest.testUpdateRoomPriceWithAuthentication(UpdateRoomTest.java:43)
	at java.base/java.util.ArrayList.forEach(ArrayList.java:1596)
... Removed 28 stack frames
</div> <!-- stack-trace -->
                </div> <!-- method-content -->
              </div> <!-- method -->
              <div class="method">
                <div class="method-content">
                  <a name="testUpdateRoomPriceWithoutAuthentication(301, 1500)">
                  </a> <!-- testUpdateRoomPriceWithoutAuthentication(301, 1500) -->
                  <span class="method-name">testUpdateRoomPriceWithoutAuthentication</span>
                  <span class="parameters">(301,1500)</span>
                  <div class="stack-trace">java.lang.AssertionError: 1 expectation failed.
Expected status code (is &lt;401&gt; or is &lt;403&gt;) but was &lt;200&gt;.

	at org.codehaus.groovy.runtime.callsite.ConstructorSite$ConstructorSiteNoUnwrapNoCoerce.callConstructor(ConstructorSite.java:108)
	at org.codehaus.groovy.runtime.callsite.AbstractCallSite.callConstructor(AbstractCallSite.java:277)
	at io.restassured.internal.ResponseSpecificationImpl$HamcrestAssertionClosure.validate(ResponseSpecificationImpl.groovy:512)
	at io.restassured.internal.ResponseSpecificationImpl$HamcrestAssertionClosure$validate$1.call(Unknown Source)
	at io.restassured.internal.ResponseSpecificationImpl.validateResponseIfRequired(ResponseSpecificationImpl.groovy:696)
	at io.restassured.internal.ResponseSpecificationImpl.this$2$validateResponseIfRequired(ResponseSpecificationImpl.groovy)
	at org.codehaus.groovy.runtime.callsite.PlainObjectMetaMethodSite.doInvoke(PlainObjectMetaMethodSite.java:43)
	at org.codehaus.groovy.runtime.callsite.PogoMetaMethodSite$PogoCachedMethodSiteNoUnwrapNoCoerce.invoke(PogoMetaMethodSite.java:198)
	at org.codehaus.groovy.runtime.callsite.PogoMetaMethodSite.callCurrent(PogoMetaMethodSite.java:62)
	at org.codehaus.groovy.runtime.callsite.AbstractCallSite.callCurrent(AbstractCallSite.java:185)
	at io.restassured.internal.ResponseSpecificationImpl.statusCode(ResponseSpecificationImpl.groovy:135)
	at io.restassured.internal.ValidatableResponseOptionsImpl.statusCode(ValidatableResponseOptionsImpl.java:84)
	at tests.UpdateRoomTest.testUpdateRoomPriceWithoutAuthentication(UpdateRoomTest.java:61)
	at java.base/java.util.ArrayList.forEach(ArrayList.java:1596)
... Removed 31 stack frames
</div> <!-- stack-trace -->
                </div> <!-- method-content -->
              </div> <!-- method -->
            </div> <!-- main-panel-content rounded-window-bottom -->
          </div> <!-- suite-API_Test_Suite-class-failed -->
          <div class="suite-API_Test_Suite-class-passed">
            <div class="main-panel-header rounded-window-top">
              <img src="passed.png"/>
              <span class="class-name">tests.ViewRoomById</span>
            </div> <!-- main-panel-header rounded-window-top -->
            <div class="main-panel-content rounded-window-bottom">
              <div class="method">
                <div class="method-content">
                  <a name="testViewRoomById">
                  </a> <!-- testViewRoomById -->
                  <span class="method-name">testViewRoomById</span>
                </div> <!-- method-content -->
              </div> <!-- method -->
            </div> <!-- main-panel-content rounded-window-bottom -->
          </div> <!-- suite-API_Test_Suite-class-passed -->
          <div class="suite-API_Test_Suite-class-passed">
            <div class="main-panel-header rounded-window-top">
              <img src="passed.png"/>
              <span class="class-name">tests.ViewRoomByType</span>
            </div> <!-- main-panel-header rounded-window-top -->
            <div class="main-panel-content rounded-window-bottom">
              <div class="method">
                <div class="method-content">
                  <a name="testRoomByType">
                  </a> <!-- testRoomByType -->
                  <span class="method-name">testRoomByType</span>
                </div> <!-- method-content -->
              </div> <!-- method -->
            </div> <!-- main-panel-content rounded-window-bottom -->
          </div> <!-- suite-API_Test_Suite-class-passed -->
          <div class="suite-API_Test_Suite-class-passed">
            <div class="main-panel-header rounded-window-top">
              <img src="passed.png"/>
              <span class="class-name">tests.ViewRoomsTest</span>
            </div> <!-- main-panel-header rounded-window-top -->
            <div class="main-panel-content rounded-window-bottom">
              <div class="method">
                <div class="method-content">
                  <a name="testViewRoomList">
                  </a> <!-- testViewRoomList -->
                  <span class="method-name">testViewRoomList</span>
                </div> <!-- method-content -->
              </div> <!-- method -->
            </div> <!-- main-panel-content rounded-window-bottom -->
          </div> <!-- suite-API_Test_Suite-class-passed -->
        </div> <!-- panel API_Test_Suite -->
        <div panel-name="test-xml-API_Test_Suite" class="panel">
          <div class="main-panel-header rounded-window-top">
            <span class="header-content">E:\My workspace\ApiAutoMationTesting\testng.xml</span>
          </div> <!-- main-panel-header rounded-window-top -->
          <div class="main-panel-content rounded-window-bottom">
            <pre>
&lt;?xml version=&quot;1.0&quot; encoding=&quot;UTF-8&quot;?&gt;
&lt;!DOCTYPE suite SYSTEM &quot;https://testng.org/testng-1.0.dtd&quot;&gt;
&lt;suite name=&quot;API Test Suite&quot; guice-stage=&quot;DEVELOPMENT&quot;&gt;
  &lt;test thread-count=&quot;5&quot; name=&quot;Room Service API Tests&quot;&gt;
    &lt;packages&gt;
      &lt;package name=&quot;tests&quot;/&gt;
    &lt;/packages&gt;
    &lt;classes&gt;
      &lt;class name=&quot;tests.AddRoomTest&quot;/&gt;
      &lt;class name=&quot;tests.DeleteRoomTest&quot;/&gt;
      &lt;class name=&quot;tests.UpdateRoomTest&quot;/&gt;
      &lt;class name=&quot;tests.ViewRoomById&quot;/&gt;
      &lt;class name=&quot;tests.ViewRoomByType&quot;/&gt;
      &lt;class name=&quot;tests.ViewRoomsTest&quot;/&gt;
    &lt;/classes&gt;
  &lt;/test&gt; &lt;!-- Room Service API Tests --&gt;
&lt;/suite&gt; &lt;!-- API Test Suite --&gt;
            </pre>
          </div> <!-- main-panel-content rounded-window-bottom -->
        </div> <!-- panel -->
        <div panel-name="testlist-API_Test_Suite" class="panel">
          <div class="main-panel-header rounded-window-top">
            <span class="header-content">Tests for API Test Suite</span>
          </div> <!-- main-panel-header rounded-window-top -->
          <div class="main-panel-content rounded-window-bottom">
            <ul>
              <li>
                <span class="test-name">Room Service API Tests (6 classes)</span>
              </li>
            </ul>
          </div> <!-- main-panel-content rounded-window-bottom -->
        </div> <!-- panel -->
        <div panel-name="group-API_Test_Suite" class="panel">
          <div class="main-panel-header rounded-window-top">
            <span class="header-content">Groups for API Test Suite</span>
          </div> <!-- main-panel-header rounded-window-top -->
          <div class="main-panel-content rounded-window-bottom">
          </div> <!-- main-panel-content rounded-window-bottom -->
        </div> <!-- panel -->
        <div panel-name="times-API_Test_Suite" class="panel">
          <div class="main-panel-header rounded-window-top">
            <span class="header-content">Times for API Test Suite</span>
          </div> <!-- main-panel-header rounded-window-top -->
          <div class="main-panel-content rounded-window-bottom">
            <div class="times-div">
              <script type="text/javascript">
suiteTableInitFunctions.push('tableData_API_Test_Suite');
function tableData_API_Test_Suite() {
var data = new google.visualization.DataTable();
data.addColumn('number', 'Number');
data.addColumn('string', 'Method');
data.addColumn('string', 'Class');
data.addColumn('number', 'Time (ms)');
data.addRows(9);
data.setCell(0, 0, 0)
data.setCell(0, 1, 'testAddRoomWithAuthentication')
data.setCell(0, 2, 'tests.AddRoomTest')
data.setCell(0, 3, 2139);
data.setCell(1, 0, 1)
data.setCell(1, 1, 'testViewRoomById')
data.setCell(1, 2, 'tests.ViewRoomById')
data.setCell(1, 3, 181);
data.setCell(2, 0, 2)
data.setCell(2, 1, 'testUpdateRoomPriceWithoutAuthentication')
data.setCell(2, 2, 'tests.UpdateRoomTest')
data.setCell(2, 3, 180);
data.setCell(3, 0, 3)
data.setCell(3, 1, 'testUpdateRoomPriceWithAuthentication')
data.setCell(3, 2, 'tests.UpdateRoomTest')
data.setCell(3, 3, 180);
data.setCell(4, 0, 4)
data.setCell(4, 1, 'testDeleteRoomWithAuthentication')
data.setCell(4, 2, 'tests.DeleteRoomTest')
data.setCell(4, 3, 179);
data.setCell(5, 0, 5)
data.setCell(5, 1, 'testRoomByType')
data.setCell(5, 2, 'tests.ViewRoomByType')
data.setCell(5, 3, 175);
data.setCell(6, 0, 6)
data.setCell(6, 1, 'testAddRoomWithoutAuthentication')
data.setCell(6, 2, 'tests.AddRoomTest')
data.setCell(6, 3, 168);
data.setCell(7, 0, 7)
data.setCell(7, 1, 'testDeleteRoomWithoutAuthentication')
data.setCell(7, 2, 'tests.DeleteRoomTest')
data.setCell(7, 3, 148);
data.setCell(8, 0, 8)
data.setCell(8, 1, 'testViewRoomList')
data.setCell(8, 2, 'tests.ViewRoomsTest')
data.setCell(8, 3, 143);
window.suiteTableData['API_Test_Suite']= { tableData: data, tableDiv: 'times-div-API_Test_Suite'}
return data;
}
              </script>
              <span class="suite-total-time">Total running time: 3 seconds</span>
              <div id="times-div-API_Test_Suite">
              </div> <!-- times-div-API_Test_Suite -->
            </div> <!-- times-div -->
          </div> <!-- main-panel-content rounded-window-bottom -->
        </div> <!-- panel -->
        <div panel-name="reporter-API_Test_Suite" class="panel">
          <div class="main-panel-header rounded-window-top">
            <span class="header-content">Reporter output for API Test Suite</span>
          </div> <!-- main-panel-header rounded-window-top -->
          <div class="main-panel-content rounded-window-bottom">
          </div> <!-- main-panel-content rounded-window-bottom -->
        </div> <!-- panel -->
        <div panel-name="ignored-methods-API_Test_Suite" class="panel">
          <div class="main-panel-header rounded-window-top">
            <span class="header-content">0 ignored methods</span>
          </div> <!-- main-panel-header rounded-window-top -->
          <div class="main-panel-content rounded-window-bottom">
          </div> <!-- main-panel-content rounded-window-bottom -->
        </div> <!-- panel -->
        <div panel-name="chronological-API_Test_Suite" class="panel">
          <div class="main-panel-header rounded-window-top">
            <span class="header-content">Methods in chronological order</span>
          </div> <!-- main-panel-header rounded-window-top -->
          <div class="main-panel-content rounded-window-bottom">
            <div class="chronological-class">
              <div class="chronological-class-name">tests.AddRoomTest</div> <!-- chronological-class-name -->
              <div class="configuration-class before">
                <span class="method-name">setup</span>
                <span class="method-start">0 ms</span>
              </div> <!-- configuration-class before -->
              <div class="test-method">
                <img src="failed.png">
                </img>
                <span class="method-name">testAddRoomWithAuthentication(150, H2005, DELUXE, AVAILABLE, 2500.0)</span>
                <span class="method-start">301 ms</span>
              </div> <!-- test-method -->
              <div class="test-method">
                <img src="failed.png">
                </img>
                <span class="method-name">testAddRoomWithoutAuthentication(150, H2005, DELUXE, AVAILABLE, 2500.0)</span>
                <span class="method-start">2443 ms</span>
              </div> <!-- test-method -->
            </div> <!-- chronological-class -->
            <div class="chronological-class">
              <div class="chronological-class-name">tests.DeleteRoomTest</div> <!-- chronological-class-name -->
              <div class="configuration-class before">
                <span class="method-name">setup</span>
                <span class="method-start">2615 ms</span>
              </div> <!-- configuration-class before -->
              <div class="test-method">
                <img src="failed.png">
                </img>
                <span class="method-name">testDeleteRoomWithAuthentication(101)</span>
                <span class="method-start">2617 ms</span>
              </div> <!-- test-method -->
              <div class="test-method">
                <img src="failed.png">
                </img>
                <span class="method-name">testDeleteRoomWithoutAuthentication(101)</span>
                <span class="method-start">2797 ms</span>
              </div> <!-- test-method -->
            </div> <!-- chronological-class -->
            <div class="chronological-class">
              <div class="chronological-class-name">tests.UpdateRoomTest</div> <!-- chronological-class-name -->
              <div class="configuration-class before">
                <span class="method-name">setup</span>
                <span class="method-start">2947 ms</span>
              </div> <!-- configuration-class before -->
              <div class="test-method">
                <img src="failed.png">
                </img>
                <span class="method-name">testUpdateRoomPriceWithAuthentication(301, 1500)</span>
                <span class="method-start">2949 ms</span>
              </div> <!-- test-method -->
              <div class="test-method">
                <img src="failed.png">
                </img>
                <span class="method-name">testUpdateRoomPriceWithoutAuthentication(301, 1500)</span>
                <span class="method-start">3131 ms</span>
              </div> <!-- test-method -->
            </div> <!-- chronological-class -->
            <div class="chronological-class">
              <div class="chronological-class-name">tests.ViewRoomById</div> <!-- chronological-class-name -->
              <div class="configuration-class before">
                <span class="method-name">setup</span>
                <span class="method-start">3313 ms</span>
              </div> <!-- configuration-class before -->
              <div class="test-method">
                <span class="method-name">testViewRoomById</span>
                <span class="method-start">3314 ms</span>
              </div> <!-- test-method -->
            </div> <!-- chronological-class -->
            <div class="chronological-class">
              <div class="chronological-class-name">tests.ViewRoomByType</div> <!-- chronological-class-name -->
              <div class="configuration-class before">
                <span class="method-name">setup</span>
                <span class="method-start">3496 ms</span>
              </div> <!-- configuration-class before -->
              <div class="test-method">
                <span class="method-name">testRoomByType</span>
                <span class="method-start">3498 ms</span>
              </div> <!-- test-method -->
            </div> <!-- chronological-class -->
            <div class="chronological-class">
              <div class="chronological-class-name">tests.ViewRoomsTest</div> <!-- chronological-class-name -->
              <div class="configuration-class before">
                <span class="method-name">setup</span>
                <span class="method-start">3674 ms</span>
              </div> <!-- configuration-class before -->
              <div class="test-method">
                <span class="method-name">testViewRoomList</span>
                <span class="method-start">3675 ms</span>
              </div> <!-- test-method -->
          </div> <!-- main-panel-content rounded-window-bottom -->
        </div> <!-- panel -->
      </div> <!-- main-panel-root -->
    </div> <!-- wrapper -->
  </body>
<script type="text/javascript" src="testng-reports2.js"></script>
</html>
